INFO:root:Start
INFO:root:Trouble in monitPvToCx_update with VEPP3:CurrentTotal-RB: User specified timeout on IO operation expired
INFO:root:Trouble in monitPvToCx_update with VEPP4:InjPolarityOrder-RB: User specified timeout on IO operation expired
INFO:root:Trouble in monitPvToCx_update with VEPP3:SeparatrixCountOrder-RB: User specified timeout on IO operation expired
INFO:root:Trouble in monitPvToCx_update with VEPP4:InjPolarityOrder-RB: User specified timeout on IO operation expired
INFO:root:Trouble in monitPvToCx_update with VEPP3:StatusOrder-RB: User specified timeout on IO operation expired
INFO:root:Start
INFO:root:Trouble in monitPvToCx_update with VEPP3:CurrentTotal-RB: User specified timeout on IO operation expired
INFO:root:Start
INFO:root:Start
INFO:root:Start
INFO:root:Trouble in subscribeCxToPv_update with K500:M5_I-SP: User specified timeout on IO operation expired
INFO:root:Start
INFO:root:Start
INFO:root:Trouble in subscribeCxToPv_update with K500:M5_I-SP: User specified timeout on IO operation expired
INFO:root:Start
INFO:root:Trouble in subscribeCxToPv_update with K500:M5_I-SP: User specified timeout on IO operation expired
INFO:root:Start
INFO:root:Trouble in subscribeCxToPv_update with K500:M5_I-SP: User specified timeout on IO operation expired
INFO:root:Start
INFO:root:Start
INFO:root:Start
INFO:root:Start
INFO:root:Start
INFO:root:Start
INFO:root:Trouble in subscribeCxToPv_update with K500:M5_I:DAC-I: User specified timeout on IO operation expired
INFO:root:Trouble in subscribeCxToPv_update with K500:M5_I-I: User specified timeout on IO operation expired
INFO:root:Trouble in subscribeCxToPv_update with K500:M5_I:DCCT2-I: User specified timeout on IO operation expired
INFO:root:Start
INFO:root:Trouble in subscribeCxToPv_update with K500:M5_V:Polarity-I: User specified timeout on IO operation expired
INFO:root:Trouble in setCxToPv_update with K500:M5_Pwr:On-Cmd: User specified timeout on IO operation expired
INFO:root:Trouble in subscribeCxToPv_update with K500:M5_I:DCCT2-I: User specified timeout on IO operation expired
INFO:root:Trouble in setCxToPv_update with K500:M5_Pwr:On-Cmd: Virtual circuit disconnect
INFO:root:Trouble in setCxToPv_update with K500:M5_Pwr:On-Cmd: User specified timeout on IO operation expired
INFO:root:Trouble in subscribeCxToPv_update with K500:M5_V:Polarity-I: User specified timeout on IO operation expired
INFO:root:Trouble in subscribeCxToPv_update with K500:L23_I-I: User specified timeout on IO operation expired
INFO:root:Start
INFO:root:Trouble in setCxToPv_update with K500:M5_Pwr:On-Cmd: User specified timeout on IO operation expired
INFO:root:Trouble in setCxToPv_update with K500:M5_Pwr:On-Cmd: User specified timeout on IO operation expired
INFO:root:Start
INFO:root:Trouble in subscribeCxToPv_update with K500:M5_I-SP: User specified timeout on IO operation expired
INFO:root:Start
INFO:root:Trouble in subscribeCxToPv_update with K500:M5_I-SP: User specified timeout on IO operation expired
INFO:root:Trouble in setCxToPv_update with K500:M5_Pwr:On-Cmd: User specified timeout on IO operation expired
INFO:root:Trouble in setCxToPv_update with K500:M5_Pwr:On-Cmd: User specified timeout on IO operation expired
INFO:root:Trouble in subscribeCxToPv_update with K500:M5_V:Polarity-I: User specified timeout on IO operation expired
INFO:root:Trouble in subscribeCxToPv_update with K500:M5_I:DAC-I: User specified timeout on IO operation expired
INFO:root:Trouble in subscribeCxToPv_update with K500:M5_I:DCCT2-I: User specified timeout on IO operation expired
INFO:root:Trouble in subscribeCxToPv_update with K500:M5_I-I: User specified timeout on IO operation expired
INFO:root:Trouble in setCxToPv_update with K500:M5_Pwr:On-Cmd: User specified timeout on IO operation expired
INFO:root:Trouble in setCxToPv_update with K500:M5_Pwr:On-Cmd: User specified timeout on IO operation expired
INFO:root:Trouble in setCxToPv_update with K500:M5_Pwr:On-Cmd: User specified timeout on IO operation expired
INFO:root:Trouble in subscribeCxToPv_update with K500:M5_V:Polarity-I: User specified timeout on IO operation expired
INFO:root:Trouble in subscribeCxToPv_update with K500:M5_V:load-I: User specified timeout on IO operation expired
INFO:root:Trouble in subscribeCxToPv_update with K500:M5_I:DCCT2-I: User specified timeout on IO operation expired
INFO:root:Trouble in subscribeCxToPv_update with K500:M5_I-I: User specified timeout on IO operation expired
INFO:root:Start
INFO:root:Start
INFO:root:Trouble in subscribeCxToPv_update with K500:M5_I-SP: User specified timeout on IO operation expired
INFO:root:Start
INFO:root:Trouble in subscribeCxToPv_update with K500:M5_I-SP: User specified timeout on IO operation expired
INFO:root:Start
INFO:root:Start
INFO:root:Start
INFO:root:Trouble in setCxToPv_update with K500:M5_Pwr:On-Cmd: User specified timeout on IO operation expired
INFO:root:Trouble in setCxToPv_update with K500:L22:PSon-Cmd: User specified timeout on IO operation expired
INFO:root:Start
INFO:root:Trouble in subscribeCxToPv_update with K500:M5_I-SP: User specified timeout on IO operation expired
INFO:root:Start
INFO:root:Trouble in subscribeCxToPv_update with K500:M5_I-SP: User specified timeout on IO operation expired
INFO:root:Start
INFO:root:Trouble in subscribeCxToPv_update with K500:M5_I-SP: User specified timeout on IO operation expired
INFO:root:Start
INFO:root:Start
INFO:root:Trouble in subscribeCxToPv_update with K500:M5_I-SP: User specified timeout on IO operation expired
INFO:root:Trouble in subscribeCxToPv_update with K500:M5_I:DAC-I: User specified timeout on IO operation expired
INFO:root:Trouble in subscribeCxToPv_update with K500:M5_I:DCCT2-I: User specified timeout on IO operation expired
INFO:root:Trouble in subscribeCxToPv_update with K500:M5_I-I: User specified timeout on IO operation expired
INFO:root:Trouble in setCxToPv_update with K500:M5_Pwr:On-Cmd: User specified timeout on IO operation expired
INFO:root:Trouble in setCxToPv_update with K500:M5_Pwr:On-Cmd: User specified timeout on IO operation expired
INFO:root:Start
INFO:root:Trouble in subscribeCxToPv_update with K500:M5_I-SP: User specified timeout on IO operation expired
INFO:root:Start
INFO:root:Trouble in subscribeCxToPv_update with K500:M5_I-SP: User specified timeout on IO operation expired
INFO:root:Start
INFO:root:Start
INFO:root:Trouble in subscribeCxToPv_update with K500:M5_I-SP: User specified timeout on IO operation expired
INFO:root:Trouble in subscribeCxToPv_update with K500:M5_I:DAC-I: User specified timeout on IO operation expired
INFO:root:Trouble in subscribeCxToPv_update with K500:M5_I-I: User specified timeout on IO operation expired
INFO:root:Trouble in subscribeCxToPv_update with K500:M5_I-I: User specified timeout on IO operation expired
INFO:root:Trouble in setCxToPv_update with K500:M5_Pwr:On-Cmd: User specified timeout on IO operation expired
INFO:root:Trouble in subscribeCxToPv_update with K500:M5_V:Polarity-I: User specified timeout on IO operation expired
INFO:root:Trouble in subscribeCxToPv_update with K500:M5_V:load-I: User specified timeout on IO operation expired
INFO:root:Trouble in subscribeCxToPv_update with K500:M5_I:DAC-I: User specified timeout on IO operation expired
INFO:root:Trouble in setCxToPv_update with K500:M5_Pwr:On-Cmd: User specified timeout on IO operation expired
INFO:root:Trouble in setCxToPv_update with K500:M5_Pwr:On-Cmd: User specified timeout on IO operation expired
INFO:root:Trouble in setCxToPv_update with K500:M5_Pwr:On-Cmd: User specified timeout on IO operation expired
INFO:root:Trouble in subscribeCxToPv_update with K500:M5_I:DAC-I: User specified timeout on IO operation expired
INFO:root:Trouble in subscribeCxToPv_update with K500:M5_I-I: User specified timeout on IO operation expired
INFO:root:Start
INFO:root:Trouble in subscribeCxToPv_update with K500:M5_I-SP: User specified timeout on IO operation expired
INFO:root:Trouble in setCxToPv_update with K500:M5_Pwr:On-Cmd: User specified timeout on IO operation expired
INFO:root:Trouble in setCxToPv_update with K500:M5_Pwr:On-Cmd: User specified timeout on IO operation expired
INFO:root:Trouble in subscribeCxToPv_update with K500:M5_V:Polarity-I: User specified timeout on IO operation expired
INFO:root:Trouble in setCxToPv_update with K500:KX17:PSon-Cmd: User specified timeout on IO operation expired
INFO:root:Start
INFO:root:Trouble in subscribeCxToPv_update with K500:M5_I-SP: User specified timeout on IO operation expired
INFO:root:Trouble in setCxToPv_update with K500:M5_Pwr:On-Cmd: User specified timeout on IO operation expired
INFO:root:Trouble in setCxToPv_update with K500:M5_Pwr:On-Cmd: User specified timeout on IO operation expired
INFO:root:Trouble in subscribeCxToPv_update with K500:M5_V:Polarity-I: User specified timeout on IO operation expired
INFO:root:Trouble in subscribeCxToPv_update with K500:M5_V:load-I: User specified timeout on IO operation expired
INFO:root:Trouble in subscribeCxToPv_update with K500:M5_I:DCCT2-I: User specified timeout on IO operation expired
INFO:root:Trouble in subscribeCxToPv_update with K500:M5_I-I: User specified timeout on IO operation expired
INFO:root:Trouble in setCxToPv_update with K500:M5_Pwr:On-Cmd: User specified timeout on IO operation expired
INFO:root:Trouble in setCxToPv_update with K500:M5_Pwr:On-Cmd: User specified timeout on IO operation expired
INFO:root:Trouble in setCxToPv_update with K500:M5_Pwr:On-Cmd: User specified timeout on IO operation expired
INFO:root:Trouble in setCxToPv_update with K500:M5_Pwr:On-Cmd: User specified timeout on IO operation expired
INFO:root:Trouble in subscribeCxToPv_update with K500:M5_V:load-I: User specified timeout on IO operation expired
INFO:root:Trouble in subscribeCxToPv_update with K500:M5_I:DAC-I: User specified timeout on IO operation expired
INFO:root:Trouble in subscribeCxToPv_update with K500:M5_I-I: User specified timeout on IO operation expired
INFO:root:Trouble in subscribeCxToPv_update with K500:M5_I-I: User specified timeout on IO operation expired
INFO:root:Trouble in setCxToPv_update with K500:M5_Pwr:On-Cmd: User specified timeout on IO operation expired
INFO:root:Trouble in subscribeCxToPv_update with K500:M5_V:Polarity-I: User specified timeout on IO operation expired
INFO:root:Trouble in subscribeCxToPv_update with K500:M5_V:load-I: User specified timeout on IO operation expired
INFO:root:Start
INFO:root:Start
INFO:root:Trouble in subscribeCxToPv_update with K500:M5_I-SP: User specified timeout on IO operation expired
INFO:root:Trouble in setCxToPv_update with K500:M5_Pwr:On-Cmd: User specified timeout on IO operation expired
INFO:root:Trouble in setCxToPv_update with K500:M5_Pwr:On-Cmd: User specified timeout on IO operation expired
INFO:root:Trouble in setCxToPv_update with K500:M5_Pwr:On-Cmd: User specified timeout on IO operation expired
INFO:root:Start
INFO:root:Trouble in subscribeCxToPv_update with K500:M5_I-SP: User specified timeout on IO operation expired
INFO:root:Trouble in setCxToPv_update with K500:M5_Pwr:On-Cmd: User specified timeout on IO operation expired
INFO:root:Trouble in setCxToPv_update with K500:M5_Pwr:On-Cmd: User specified timeout on IO operation expired
INFO:root:Trouble in subscribeCxToPv_update with K500:M5_V:Polarity-I: User specified timeout on IO operation expired
INFO:root:Start
INFO:root:Start
INFO:root:Start
INFO:root:Start
INFO:root:Start
INFO:root:Trouble in subscribeCxToPv_update with K500:M5_I-SP: User specified timeout on IO operation expired
INFO:root:Start
INFO:root:Start
INFO:root:Trouble!! cda error: cx_open("vepp4-pult6:500"): Invalid CX argument, errcode: -1
INFO:root:Start
INFO:root:Start
INFO:root:Trouble in subscribeCxToPv_update with K500:M5_I-SP: User specified timeout on IO operation expired
INFO:root:Trouble in subscribeCxToPv_update with K500:M5_I-I: User specified timeout on IO operation expired
INFO:root:Trouble in setCxToPv_update with K500:M5_Pwr:On-Cmd: User specified timeout on IO operation expired
INFO:root:Trouble in setCxToPv_update with K500:M5_Pwr:On-Cmd: User specified timeout on IO operation expired
INFO:root:Trouble in setCxToPv_update with K500:M5_Pwr:On-Cmd: User specified timeout on IO operation expired
INFO:root:Trouble in subscribeCxToPv_update with K500:M5_I:DAC-I: User specified timeout on IO operation expired
INFO:root:Trouble in subscribeCxToPv_update with K500:M5_I:DCCT2-I: User specified timeout on IO operation expired
INFO:root:Trouble in subscribeCxToPv_update with K500:M5_I-I: User specified timeout on IO operation expired
INFO:root:Trouble in setCxToPv_update with K500:M5_Pwr:On-Cmd: User specified timeout on IO operation expired
INFO:root:Trouble in setCxToPv_update with K500:M5_Pwr:On-Cmd: User specified timeout on IO operation expired
INFO:root:Trouble in subscribeCxToPv_update with K500:M5_V:Polarity-I: User specified timeout on IO operation expired
INFO:root:Trouble in subscribeCxToPv_update with K500:M5_I:DAC-I: User specified timeout on IO operation expired
INFO:root:Trouble in subscribeCxToPv_update with K500:M5_I:DCCT2-I: User specified timeout on IO operation expired
INFO:root:Trouble in setCxToPv_update with K500:M5_Pwr:On-Cmd: User specified timeout on IO operation expired
INFO:root:Trouble in setCxToPv_update with K500:M5_Pwr:On-Cmd: User specified timeout on IO operation expired
INFO:root:Trouble in setCxToPv_update with K500:M5_Pwr:On-Cmd: User specified timeout on IO operation expired
INFO:root:Trouble in subscribeCxToPv_update with K500:M5_V:load-I: User specified timeout on IO operation expired
INFO:root:Trouble in subscribeCxToPv_update with K500:M5_I-I: User specified timeout on IO operation expired
INFO:root:Trouble in subscribeCxToPv_update with K500:M5_I-I: User specified timeout on IO operation expired
INFO:root:Trouble in setCxToPv_update with K500:M5_Pwr:On-Cmd: User specified timeout on IO operation expired
INFO:root:Trouble in subscribeCxToPv_update with K500:M5_V:Polarity-I: User specified timeout on IO operation expired
INFO:root:Trouble in subscribeCxToPv_update with K500:M5_V:load-I: User specified timeout on IO operation expired
INFO:root:Trouble in subscribeCxToPv_update with K500:M5_I:DAC-I: User specified timeout on IO operation expired
INFO:root:Trouble in subscribeCxToPv_update with K500:M5_I-I: User specified timeout on IO operation expired
INFO:root:Trouble in subscribeCxToPv_update with K500:M5_I-I: User specified timeout on IO operation expired
INFO:root:Trouble in setCxToPv_update with K500:M5_Pwr:On-Cmd: User specified timeout on IO operation expired
INFO:root:Trouble in setCxToPv_update with K500:M5_Pwr:On-Cmd: User specified timeout on IO operation expired
INFO:root:Trouble in setCxToPv_update with K500:M5_Pwr:On-Cmd: User specified timeout on IO operation expired
INFO:root:Trouble in subscribeCxToPv_update with K500:M5_V:Polarity-I: User specified timeout on IO operation expired
INFO:root:Trouble in subscribeCxToPv_update with K500:M5_I:DAC-I: User specified timeout on IO operation expired
INFO:root:Trouble in subscribeCxToPv_update with K500:M5_I:DCCT2-I: User specified timeout on IO operation expired
INFO:root:Trouble in setCxToPv_update with K500:M5_Pwr:On-Cmd: User specified timeout on IO operation expired
INFO:root:Trouble in setCxToPv_update with K500:M5_Pwr:On-Cmd: User specified timeout on IO operation expired
INFO:root:Trouble in subscribeCxToPv_update with K500:M5_V:load-I: User specified timeout on IO operation expired
INFO:root:Trouble in subscribeCxToPv_update with K500:M5_I:DAC-I: User specified timeout on IO operation expired
INFO:root:Trouble in subscribeCxToPv_update with K500:M5_I-I: User specified timeout on IO operation expired
INFO:root:Trouble in subscribeCxToPv_update with K500:M5_I-I: User specified timeout on IO operation expired
INFO:root:Trouble in setCxToPv_update with K500:M5_Pwr:On-Cmd: User specified timeout on IO operation expired
INFO:root:Trouble in subscribeCxToPv_update with K500:M5_V:Polarity-I: User specified timeout on IO operation expired
INFO:root:Trouble in subscribeCxToPv_update with K500:M5_V:load-I: User specified timeout on IO operation expired
INFO:root:Trouble in subscribeCxToPv_update with K500:M5_I:DAC-I: User specified timeout on IO operation expired
INFO:root:Trouble in subscribeCxToPv_update with K500:M5_I-I: User specified timeout on IO operation expired
INFO:root:Trouble in subscribeCxToPv_update with K500:M5_I-I: User specified timeout on IO operation expired
INFO:root:Trouble in setCxToPv_update with K500:M5_Pwr:On-Cmd: User specified timeout on IO operation expired
INFO:root:Trouble in setCxToPv_update with K500:M5_Pwr:On-Cmd: User specified timeout on IO operation expired
INFO:root:Trouble in setCxToPv_update with K500:M5_Pwr:On-Cmd: User specified timeout on IO operation expired
INFO:root:Trouble in subscribeCxToPv_update with K500:M5_V:load-I: User specified timeout on IO operation expired
INFO:root:Trouble in subscribeCxToPv_update with K500:M5_I:DAC-I: User specified timeout on IO operation expired
INFO:root:Trouble in subscribeCxToPv_update with K500:M5_I:DCCT2-I: User specified timeout on IO operation expired
INFO:root:Trouble in subscribeCxToPv_update with K500:M5_I-I: User specified timeout on IO operation expired
INFO:root:Trouble in setCxToPv_update with K500:M5_Pwr:On-Cmd: User specified timeout on IO operation expired
INFO:root:Trouble in setCxToPv_update with K500:M5_Pwr:On-Cmd: User specified timeout on IO operation expired
INFO:root:Trouble in setCxToPv_update with K500:M5_Pwr:On-Cmd: User specified timeout on IO operation expired
INFO:root:Trouble in subscribeCxToPv_update with K500:M5_V:Polarity-I: User specified timeout on IO operation expired
INFO:root:Trouble in subscribeCxToPv_update with K500:M5_V:load-I: User specified timeout on IO operation expired
INFO:root:Trouble in subscribeCxToPv_update with K500:M5_I:DCCT2-I: User specified timeout on IO operation expired
INFO:root:Trouble in subscribeCxToPv_update with K500:M5_I-I: User specified timeout on IO operation expired
INFO:root:Trouble in setCxToPv_update with K500:M5_Pwr:On-Cmd: User specified timeout on IO operation expired
INFO:root:Trouble in subscribeCxToPv_update with K500:M5_V:load-I: User specified timeout on IO operation expired
INFO:root:Trouble in subscribeCxToPv_update with K500:M5_I:DAC-I: User specified timeout on IO operation expired
INFO:root:Trouble in setCxToPv_update with K500:M5_Pwr:On-Cmd: User specified timeout on IO operation expired
INFO:root:Trouble in setCxToPv_update with K500:M5_Pwr:On-Cmd: User specified timeout on IO operation expired
INFO:root:Trouble in setCxToPv_update with K500:M5_Pwr:On-Cmd: User specified timeout on IO operation expired
INFO:root:Trouble in setCxToPv_update with K500:M5_Pwr:On-Cmd: User specified timeout on IO operation expired
INFO:root:Trouble in subscribeCxToPv_update with K500:M5_V:load-I: User specified timeout on IO operation expired
INFO:root:Trouble in subscribeCxToPv_update with K500:M5_I:DAC-I: User specified timeout on IO operation expired
INFO:root:Trouble in subscribeCxToPv_update with K500:M5_I-I: User specified timeout on IO operation expired
INFO:root:Trouble in subscribeCxToPv_update with K500:M5_I-I: User specified timeout on IO operation expired
INFO:root:Trouble in setCxToPv_update with K500:M5_Pwr:On-Cmd: User specified timeout on IO operation expired
INFO:root:Trouble in setCxToPv_update with K500:M5_Pwr:On-Cmd: User specified timeout on IO operation expired
INFO:root:Trouble in subscribeCxToPv_update with K500:M5_V:load-I: User specified timeout on IO operation expired
INFO:root:Trouble in subscribeCxToPv_update with K500:M5_I:DAC-I: User specified timeout on IO operation expired
INFO:root:Trouble in subscribeCxToPv_update with K500:M5_I-I: User specified timeout on IO operation expired
INFO:root:Trouble in setCxToPv_update with K500:M5_Pwr:On-Cmd: User specified timeout on IO operation expired
INFO:root:Trouble in setCxToPv_update with K500:M5_Pwr:On-Cmd: User specified timeout on IO operation expired
INFO:root:Trouble in subscribeCxToPv_update with K500:M5_V:load-I: User specified timeout on IO operation expired
INFO:root:Trouble in subscribeCxToPv_update with K500:M5_I:DCCT2-I: User specified timeout on IO operation expired
INFO:root:Trouble in subscribeCxToPv_update with K500:M5_I-I: User specified timeout on IO operation expired
INFO:root:Trouble in setCxToPv_update with K500:M5_Pwr:On-Cmd: User specified timeout on IO operation expired
INFO:root:Trouble in setCxToPv_update with K500:M5_Pwr:On-Cmd: User specified timeout on IO operation expired
INFO:root:Trouble in setCxToPv_update with K500:M5_Pwr:On-Cmd: User specified timeout on IO operation expired
INFO:root:Trouble in subscribeCxToPv_update with K500:M5_V:Polarity-I: User specified timeout on IO operation expired
INFO:root:Trouble in subscribeCxToPv_update with K500:M5_V:load-I: User specified timeout on IO operation expired
INFO:root:Trouble in subscribeCxToPv_update with K500:M5_I:DAC-I: User specified timeout on IO operation expired
INFO:root:Trouble in setCxToPv_update with K500:M5_Pwr:On-Cmd: User specified timeout on IO operation expired
INFO:root:Trouble in setCxToPv_update with K500:M5_Pwr:On-Cmd: User specified timeout on IO operation expired
INFO:root:Trouble in setCxToPv_update with K500:M5_Pwr:On-Cmd: User specified timeout on IO operation expired
INFO:root:Trouble in subscribeCxToPv_update with K500:M5_V:Polarity-I: User specified timeout on IO operation expired
INFO:root:Trouble in subscribeCxToPv_update with K500:M5_I:DCCT2-I: User specified timeout on IO operation expired
INFO:root:Trouble in subscribeCxToPv_update with K500:M5_I-I: User specified timeout on IO operation expired
INFO:root:Trouble in setCxToPv_update with K500:M5_Pwr:On-Cmd: User specified timeout on IO operation expired
INFO:root:Trouble in setCxToPv_update with K500:M5_Pwr:On-Cmd: User specified timeout on IO operation expired
INFO:root:Trouble in setCxToPv_update with K500:M5_Pwr:On-Cmd: User specified timeout on IO operation expired
INFO:root:Trouble in subscribeCxToPv_update with K500:M5_I-I: User specified timeout on IO operation expired
INFO:root:Trouble in subscribeCxToPv_update with K500:M5_I-I: User specified timeout on IO operation expired
INFO:root:Trouble in setCxToPv_update with K500:M5_Pwr:On-Cmd: User specified timeout on IO operation expired
INFO:root:Trouble in subscribeCxToPv_update with K500:M5_V:Polarity-I: User specified timeout on IO operation expired
INFO:root:Trouble in subscribeCxToPv_update with K500:M5_I:DCCT2-I: User specified timeout on IO operation expired
INFO:root:Trouble in subscribeCxToPv_update with K500:M5_I-I: User specified timeout on IO operation expired
INFO:root:Trouble in setCxToPv_update with K500:M5_Pwr:On-Cmd: User specified timeout on IO operation expired
INFO:root:Trouble in setCxToPv_update with K500:M5_Pwr:On-Cmd: User specified timeout on IO operation expired
INFO:root:Trouble in setCxToPv_update with K500:M5_Pwr:On-Cmd: User specified timeout on IO operation expired
INFO:root:Trouble in subscribeCxToPv_update with K500:M5_V:Polarity-I: User specified timeout on IO operation expired
INFO:root:Trouble in subscribeCxToPv_update with K500:M5_V:load-I: User specified timeout on IO operation expired
INFO:root:Trouble in subscribeCxToPv_update with K500:M5_I:DCCT2-I: User specified timeout on IO operation expired
INFO:root:Trouble in setCxToPv_update with K500:M5_Pwr:On-Cmd: User specified timeout on IO operation expired
INFO:root:Trouble in setCxToPv_update with K500:M5_Pwr:On-Cmd: User specified timeout on IO operation expired
INFO:root:Trouble in subscribeCxToPv_update with K500:M5_V:Polarity-I: User specified timeout on IO operation expired
INFO:root:Trouble in subscribeCxToPv_update with K500:M5_I:DAC-I: User specified timeout on IO operation expired
INFO:root:Trouble in subscribeCxToPv_update with K500:M5_I:DCCT2-I: User specified timeout on IO operation expired
INFO:root:Trouble in subscribeCxToPv_update with K500:M5_I-I: User specified timeout on IO operation expired
INFO:root:Trouble in setCxToPv_update with K500:M5_Pwr:On-Cmd: User specified timeout on IO operation expired
INFO:root:Trouble in setCxToPv_update with K500:M5_Pwr:On-Cmd: User specified timeout on IO operation expired
INFO:root:Trouble in setCxToPv_update with K500:M5_Pwr:On-Cmd: User specified timeout on IO operation expired
INFO:root:Trouble in subscribeCxToPv_update with K500:M5_I:DAC-I: User specified timeout on IO operation expired
INFO:root:Trouble in subscribeCxToPv_update with K500:M5_I:DCCT2-I: User specified timeout on IO operation expired
INFO:root:Trouble in subscribeCxToPv_update with K500:M5_I-I: User specified timeout on IO operation expired
INFO:root:Trouble in setCxToPv_update with K500:M5_Pwr:On-Cmd: User specified timeout on IO operation expired
INFO:root:Trouble in subscribeCxToPv_update with K500:KZM6_I-I: User specified timeout on IO operation expired
INFO:root:Trouble in subscribeCxToPv_update with K500:M5_V:Polarity-I: User specified timeout on IO operation expired
INFO:root:Trouble in subscribeCxToPv_update with K500:M5_I:DAC-I: User specified timeout on IO operation expired
INFO:root:Trouble in subscribeCxToPv_update with K500:M5_I-I: User specified timeout on IO operation expired
INFO:root:Trouble in setCxToPv_update with K500:M5_Pwr:On-Cmd: User specified timeout on IO operation expired
INFO:root:Trouble in setCxToPv_update with K500:M5_Pwr:On-Cmd: User specified timeout on IO operation expired
INFO:root:Trouble in subscribeCxToPv_update with K500:M5_V:load-I: User specified timeout on IO operation expired
INFO:root:Trouble in subscribeCxToPv_update with K500:M5_I:DAC-I: User specified timeout on IO operation expired
INFO:root:Trouble in subscribeCxToPv_update with K500:M5_I-I: User specified timeout on IO operation expired
INFO:root:Trouble in subscribeCxToPv_update with K500:M5_I-I: User specified timeout on IO operation expired
INFO:root:Trouble in setCxToPv_update with K500:M5_Pwr:On-Cmd: User specified timeout on IO operation expired
INFO:root:Trouble in setCxToPv_update with K500:M5_Pwr:On-Cmd: User specified timeout on IO operation expired
INFO:root:Trouble in setCxToPv_update with K500:M5_Pwr:On-Cmd: User specified timeout on IO operation expired
INFO:root:Trouble in subscribeCxToPv_update with K500:M5_I:DAC-I: User specified timeout on IO operation expired
INFO:root:Trouble in setCxToPv_update with K500:M5_Pwr:On-Cmd: User specified timeout on IO operation expired
INFO:root:Trouble in setCxToPv_update with K500:M5_Pwr:On-Cmd: User specified timeout on IO operation expired
INFO:root:Trouble in subscribeCxToPv_update with K500:M5_V:Polarity-I: User specified timeout on IO operation expired
INFO:root:Trouble in subscribeCxToPv_update with K500:M5_I:DAC-I: User specified timeout on IO operation expired
INFO:root:Trouble in subscribeCxToPv_update with K500:M5_I:DCCT2-I: User specified timeout on IO operation expired
INFO:root:Trouble in subscribeCxToPv_update with K500:M5_I-I: User specified timeout on IO operation expired
INFO:root:Trouble in setCxToPv_update with K500:M5_Pwr:On-Cmd: User specified timeout on IO operation expired
INFO:root:Trouble in setCxToPv_update with K500:M5_Pwr:On-Cmd: User specified timeout on IO operation expired
INFO:root:Trouble in subscribeCxToPv_update with K500:M5_V:Polarity-I: User specified timeout on IO operation expired
INFO:root:Trouble in subscribeCxToPv_update with K500:M5_I:DAC-I: User specified timeout on IO operation expired
INFO:root:Trouble in subscribeCxToPv_update with K500:M5_I-I: User specified timeout on IO operation expired
INFO:root:Trouble in setCxToPv_update with K500:M5_Pwr:On-Cmd: User specified timeout on IO operation expired
INFO:root:Trouble in subscribeCxToPv_update with K500:M5_V:Polarity-I: User specified timeout on IO operation expired
INFO:root:Trouble in subscribeCxToPv_update with K500:M5_V:load-I: User specified timeout on IO operation expired
INFO:root:Trouble in subscribeCxToPv_update with K500:M5_I:DCCT2-I: User specified timeout on IO operation expired
INFO:root:Trouble in subscribeCxToPv_update with K500:M5_I-I: User specified timeout on IO operation expired
INFO:root:Trouble in subscribeCxToPv_update with K500:M5_I-I: User specified timeout on IO operation expired
INFO:root:Trouble in setCxToPv_update with K500:M5_Pwr:On-Cmd: User specified timeout on IO operation expired
INFO:root:Trouble in subscribeCxToPv_update with K500:M5_V:Polarity-I: User specified timeout on IO operation expired
INFO:root:Trouble in subscribeCxToPv_update with K500:M5_V:load-I: User specified timeout on IO operation expired
INFO:root:Trouble in subscribeCxToPv_update with K500:M5_I:DCCT2-I: User specified timeout on IO operation expired
INFO:root:Trouble in setCxToPv_update with K500:M5_Pwr:On-Cmd: User specified timeout on IO operation expired
INFO:root:Trouble in setCxToPv_update with K500:M5_Pwr:On-Cmd: User specified timeout on IO operation expired
INFO:root:Trouble in subscribeCxToPv_update with K500:M5_V:Polarity-I: User specified timeout on IO operation expired
INFO:root:Trouble in subscribeCxToPv_update with K500:M5_I-I: User specified timeout on IO operation expired
INFO:root:Trouble in subscribeCxToPv_update with K500:M5_I-I: User specified timeout on IO operation expired
INFO:root:Trouble in setCxToPv_update with K500:M5_Pwr:On-Cmd: User specified timeout on IO operation expired
INFO:root:Trouble in subscribeCxToPv_update with K500:M5_I:DAC-I: User specified timeout on IO operation expired
INFO:root:Trouble in subscribeCxToPv_update with K500:M5_I:DCCT2-I: User specified timeout on IO operation expired
INFO:root:Trouble in subscribeCxToPv_update with K500:M5_I-I: User specified timeout on IO operation expired
INFO:root:Trouble in setCxToPv_update with K500:M5_Pwr:On-Cmd: User specified timeout on IO operation expired
INFO:root:Trouble in subscribeCxToPv_update with K500:M5_V:load-I: User specified timeout on IO operation expired
INFO:root:Trouble in subscribeCxToPv_update with K500:M5_I:DAC-I: User specified timeout on IO operation expired
INFO:root:Trouble in setCxToPv_update with K500:M5_Pwr:On-Cmd: User specified timeout on IO operation expired
INFO:root:Trouble in setCxToPv_update with K500:M5_Pwr:On-Cmd: User specified timeout on IO operation expired
INFO:root:Trouble in subscribeCxToPv_update with K500:M5_V:Polarity-I: User specified timeout on IO operation expired
INFO:root:Trouble in subscribeCxToPv_update with K500:M5_I:DAC-I: User specified timeout on IO operation expired
INFO:root:Trouble in subscribeCxToPv_update with K500:M5_I:DCCT2-I: User specified timeout on IO operation expired
INFO:root:Trouble in setCxToPv_update with K500:M5_Pwr:On-Cmd: User specified timeout on IO operation expired
INFO:root:Trouble in setCxToPv_update with K500:M5_Pwr:On-Cmd: User specified timeout on IO operation expired
INFO:root:Trouble in setCxToPv_update with K500:M5_Pwr:On-Cmd: User specified timeout on IO operation expired
INFO:root:Trouble in subscribeCxToPv_update with K500:M5_V:load-I: User specified timeout on IO operation expired
INFO:root:Trouble in subscribeCxToPv_update with K500:M5_I:DAC-I: User specified timeout on IO operation expired
INFO:root:Trouble in subscribeCxToPv_update with K500:M5_I:DCCT2-I: User specified timeout on IO operation expired
INFO:root:Trouble in setCxToPv_update with K500:M5_Pwr:On-Cmd: User specified timeout on IO operation expired
INFO:root:Trouble in setCxToPv_update with K500:M5_Pwr:On-Cmd: User specified timeout on IO operation expired
INFO:root:Trouble in subscribeCxToPv_update with K500:M5_V:load-I: User specified timeout on IO operation expired
INFO:root:Trouble in subscribeCxToPv_update with K500:M5_I:DAC-I: User specified timeout on IO operation expired
INFO:root:Trouble in subscribeCxToPv_update with K500:M5_I-I: User specified timeout on IO operation expired
INFO:root:Trouble in setCxToPv_update with K500:M5_Pwr:On-Cmd: User specified timeout on IO operation expired
INFO:root:Trouble in setCxToPv_update with K500:M5_Pwr:On-Cmd: User specified timeout on IO operation expired
INFO:root:Trouble in subscribeCxToPv_update with K500:M5_I:DAC-I: User specified timeout on IO operation expired
INFO:root:Trouble in subscribeCxToPv_update with K500:M5_I:DCCT2-I: User specified timeout on IO operation expired
INFO:root:Trouble in subscribeCxToPv_update with K500:M5_I-I: User specified timeout on IO operation expired
INFO:root:Trouble in setCxToPv_update with K500:M5_Pwr:On-Cmd: User specified timeout on IO operation expired
INFO:root:Trouble in setCxToPv_update with K500:M5_Pwr:On-Cmd: User specified timeout on IO operation expired
INFO:root:Trouble in subscribeCxToPv_update with K500:M5_I:DAC-I: User specified timeout on IO operation expired
INFO:root:Trouble in subscribeCxToPv_update with K500:M5_I-I: User specified timeout on IO operation expired
INFO:root:Trouble in subscribeCxToPv_update with K500:M5_I-I: User specified timeout on IO operation expired
INFO:root:Trouble in setCxToPv_update with K500:M5_Pwr:On-Cmd: User specified timeout on IO operation expired
INFO:root:Trouble in subscribeCxToPv_update with K500:M5_V:Polarity-I: User specified timeout on IO operation expired
INFO:root:Trouble in subscribeCxToPv_update with K500:M5_V:load-I: User specified timeout on IO operation expired
INFO:root:Trouble in subscribeCxToPv_update with K500:M5_I:DAC-I: User specified timeout on IO operation expired
INFO:root:Trouble in setCxToPv_update with K500:M5_Pwr:On-Cmd: User specified timeout on IO operation expired
INFO:root:Trouble in setCxToPv_update with K500:M5_Pwr:On-Cmd: User specified timeout on IO operation expired
INFO:root:Trouble in subscribeCxToPv_update with K500:M5_V:Polarity-I: User specified timeout on IO operation expired
INFO:root:Trouble in subscribeCxToPv_update with K500:M5_I:DAC-I: User specified timeout on IO operation expired
INFO:root:Trouble in subscribeCxToPv_update with K500:M5_I:DCCT2-I: User specified timeout on IO operation expired
INFO:root:Trouble in subscribeCxToPv_update with K500:M5_I-I: User specified timeout on IO operation expired
INFO:root:Trouble in setCxToPv_update with K500:M5_Pwr:On-Cmd: User specified timeout on IO operation expired
INFO:root:Trouble in setCxToPv_update with K500:M5_Pwr:On-Cmd: User specified timeout on IO operation expired
INFO:root:Trouble in setCxToPv_update with K500:M5_Pwr:On-Cmd: User specified timeout on IO operation expired
INFO:root:Trouble in subscribeCxToPv_update with K500:M5_V:Polarity-I: User specified timeout on IO operation expired
INFO:root:Trouble in subscribeCxToPv_update with K500:M5_I:DCCT2-I: User specified timeout on IO operation expired
INFO:root:Trouble in subscribeCxToPv_update with K500:M5_I-I: User specified timeout on IO operation expired
INFO:root:Trouble in setCxToPv_update with K500:M5_Pwr:On-Cmd: User specified timeout on IO operation expired
INFO:root:Trouble in setCxToPv_update with K500:M5_Pwr:On-Cmd: User specified timeout on IO operation expired
INFO:root:Trouble in setCxToPv_update with K500:M5_Pwr:On-Cmd: User specified timeout on IO operation expired
INFO:root:Trouble in subscribeCxToPv_update with K500:M5_V:Polarity-I: User specified timeout on IO operation expired
INFO:root:Trouble in subscribeCxToPv_update with K500:M5_V:load-I: User specified timeout on IO operation expired
INFO:root:Trouble in subscribeCxToPv_update with K500:M5_I:DCCT2-I: User specified timeout on IO operation expired
INFO:root:Trouble in subscribeCxToPv_update with K500:M5_I-I: User specified timeout on IO operation expired
INFO:root:Trouble in subscribeCxToPv_update with K500:M5_I-I: User specified timeout on IO operation expired
INFO:root:Trouble in setCxToPv_update with K500:M5_Pwr:On-Cmd: User specified timeout on IO operation expired
INFO:root:Trouble in setCxToPv_update with K500:M5_Pwr:On-Cmd: User specified timeout on IO operation expired
INFO:root:Trouble in setCxToPv_update with K500:M5_Pwr:On-Cmd: User specified timeout on IO operation expired
INFO:root:Trouble in subscribeCxToPv_update with K500:M5_V:load-I: User specified timeout on IO operation expired
INFO:root:Trouble in subscribeCxToPv_update with K500:M5_I:DAC-I: User specified timeout on IO operation expired
INFO:root:Trouble in subscribeCxToPv_update with K500:M5_I:DCCT2-I: User specified timeout on IO operation expired
INFO:root:Trouble in subscribeCxToPv_update with K500:M5_I-I: User specified timeout on IO operation expired
INFO:root:Trouble in setCxToPv_update with K500:M5_Pwr:On-Cmd: User specified timeout on IO operation expired
INFO:root:Trouble in setCxToPv_update with K500:M5_Pwr:On-Cmd: User specified timeout on IO operation expired
INFO:root:Trouble in subscribeCxToPv_update with K500:M5_I:DCCT2-I: User specified timeout on IO operation expired
INFO:root:Trouble in subscribeCxToPv_update with K500:M5_I-I: User specified timeout on IO operation expired
INFO:root:Trouble in setCxToPv_update with K500:M5_Pwr:On-Cmd: User specified timeout on IO operation expired
INFO:root:Trouble in setCxToPv_update with K500:M5_Pwr:On-Cmd: User specified timeout on IO operation expired
INFO:root:Trouble in setCxToPv_update with K500:M5_Pwr:On-Cmd: User specified timeout on IO operation expired
INFO:root:Trouble in subscribeCxToPv_update with K500:M5_V:load-I: User specified timeout on IO operation expired
INFO:root:Trouble in subscribeCxToPv_update with K500:M5_I-I: User specified timeout on IO operation expired
INFO:root:Trouble in setCxToPv_update with K500:M5_Pwr:On-Cmd: User specified timeout on IO operation expired
INFO:root:Trouble in setCxToPv_update with K500:M5_Pwr:On-Cmd: User specified timeout on IO operation expired
INFO:root:Trouble in setCxToPv_update with K500:M5_Pwr:On-Cmd: User specified timeout on IO operation expired
INFO:root:Trouble in subscribeCxToPv_update with K500:M5_V:Polarity-I: User specified timeout on IO operation expired
INFO:root:Trouble in subscribeCxToPv_update with K500:M5_I:DAC-I: User specified timeout on IO operation expired
INFO:root:Trouble in subscribeCxToPv_update with K500:M5_I:DCCT2-I: User specified timeout on IO operation expired
INFO:root:Trouble in setCxToPv_update with K500:M5_Pwr:On-Cmd: User specified timeout on IO operation expired
INFO:root:Trouble in setCxToPv_update with K500:M5_Pwr:On-Cmd: User specified timeout on IO operation expired
INFO:root:Trouble in setCxToPv_update with K500:M5_Pwr:On-Cmd: User specified timeout on IO operation expired
INFO:root:Trouble in subscribeCxToPv_update with K500:M5_V:Polarity-I: User specified timeout on IO operation expired
INFO:root:Trouble in subscribeCxToPv_update with K500:M5_I-I: User specified timeout on IO operation expired
INFO:root:Trouble in subscribeCxToPv_update with K500:M5_I-I: User specified timeout on IO operation expired
INFO:root:Trouble in setCxToPv_update with K500:M5_Pwr:On-Cmd: User specified timeout on IO operation expired
INFO:root:Trouble in setCxToPv_update with K500:M5_Pwr:On-Cmd: User specified timeout on IO operation expired
INFO:root:Trouble in subscribeCxToPv_update with K500:M5_V:load-I: User specified timeout on IO operation expired
INFO:root:Trouble in subscribeCxToPv_update with K500:M5_I:DAC-I: User specified timeout on IO operation expired
INFO:root:Trouble in subscribeCxToPv_update with K500:M5_I-I: User specified timeout on IO operation expired
INFO:root:Trouble in subscribeCxToPv_update with K500:M5_I-I: User specified timeout on IO operation expired
INFO:root:Trouble in setCxToPv_update with K500:M5_Pwr:On-Cmd: User specified timeout on IO operation expired
INFO:root:Trouble in setCxToPv_update with K500:M5_Pwr:On-Cmd: User specified timeout on IO operation expired
INFO:root:Trouble in setCxToPv_update with K500:M5_Pwr:On-Cmd: User specified timeout on IO operation expired
INFO:root:Trouble in subscribeCxToPv_update with K500:M5_V:Polarity-I: User specified timeout on IO operation expired
INFO:root:Trouble in subscribeCxToPv_update with K500:M5_I:DAC-I: User specified timeout on IO operation expired
INFO:root:Trouble in subscribeCxToPv_update with K500:M5_I:DCCT2-I: User specified timeout on IO operation expired
INFO:root:Trouble in subscribeCxToPv_update with K500:M5_I-I: User specified timeout on IO operation expired
INFO:root:Trouble in setCxToPv_update with K500:M5_Pwr:On-Cmd: User specified timeout on IO operation expired
INFO:root:Trouble in setCxToPv_update with K500:M5_Pwr:On-Cmd: User specified timeout on IO operation expired
INFO:root:Trouble in subscribeCxToPv_update with K500:M5_V:Polarity-I: User specified timeout on IO operation expired
INFO:root:Trouble in subscribeCxToPv_update with K500:M5_I:DAC-I: User specified timeout on IO operation expired
INFO:root:Trouble in subscribeCxToPv_update with K500:M5_I:DCCT2-I: User specified timeout on IO operation expired
INFO:root:Trouble in subscribeCxToPv_update with K500:M5_I-I: User specified timeout on IO operation expired
INFO:root:Trouble in setCxToPv_update with K500:M5_Pwr:On-Cmd: User specified timeout on IO operation expired
INFO:root:Trouble in setCxToPv_update with K500:M5_Pwr:On-Cmd: User specified timeout on IO operation expired
INFO:root:Trouble in subscribeCxToPv_update with K500:M5_V:Polarity-I: User specified timeout on IO operation expired
INFO:root:Trouble in subscribeCxToPv_update with K500:M5_I-I: User specified timeout on IO operation expired
INFO:root:Trouble in subscribeCxToPv_update with K500:M5_I-I: User specified timeout on IO operation expired
INFO:root:Trouble in setCxToPv_update with K500:M5_Pwr:On-Cmd: User specified timeout on IO operation expired
INFO:root:Trouble in subscribeCxToPv_update with K500:M5_V:Polarity-I: User specified timeout on IO operation expired
INFO:root:Trouble in subscribeCxToPv_update with K500:M5_V:load-I: User specified timeout on IO operation expired
INFO:root:Trouble in subscribeCxToPv_update with K500:M5_I:DAC-I: User specified timeout on IO operation expired
INFO:root:Trouble in subscribeCxToPv_update with K500:M5_I-I: User specified timeout on IO operation expired
INFO:root:Trouble in subscribeCxToPv_update with K500:M5_I-I: User specified timeout on IO operation expired
INFO:root:Trouble in setCxToPv_update with K500:M5_Pwr:On-Cmd: User specified timeout on IO operation expired
INFO:root:Trouble in subscribeCxToPv_update with K500:M5_V:Polarity-I: User specified timeout on IO operation expired
INFO:root:Trouble in subscribeCxToPv_update with K500:M5_I:DCCT2-I: User specified timeout on IO operation expired
INFO:root:Trouble in subscribeCxToPv_update with K500:M5_I-I: User specified timeout on IO operation expired
INFO:root:Trouble in setCxToPv_update with K500:M5_Pwr:On-Cmd: User specified timeout on IO operation expired
INFO:root:Trouble in setCxToPv_update with K500:M5_Pwr:On-Cmd: User specified timeout on IO operation expired
INFO:root:Trouble in subscribeCxToPv_update with K500:M5_I:DAC-I: User specified timeout on IO operation expired
INFO:root:Trouble in subscribeCxToPv_update with K500:M5_I-I: User specified timeout on IO operation expired
INFO:root:Trouble in setCxToPv_update with K500:M5_Pwr:On-Cmd: User specified timeout on IO operation expired
INFO:root:Trouble in setCxToPv_update with K500:M5_Pwr:On-Cmd: User specified timeout on IO operation expired
INFO:root:Trouble in subscribeCxToPv_update with K500:M5_V:Polarity-I: User specified timeout on IO operation expired
INFO:root:Trouble in subscribeCxToPv_update with K500:M5_V:load-I: User specified timeout on IO operation expired
INFO:root:Trouble in subscribeCxToPv_update with K500:M5_I-I: User specified timeout on IO operation expired
INFO:root:Trouble in setCxToPv_update with K500:M5_Pwr:On-Cmd: User specified timeout on IO operation expired
INFO:root:Trouble in setCxToPv_update with K500:M5_Pwr:On-Cmd: User specified timeout on IO operation expired
INFO:root:Trouble in setCxToPv_update with K500:M5_Pwr:On-Cmd: User specified timeout on IO operation expired
INFO:root:Trouble in subscribeCxToPv_update with K500:M5_V:Polarity-I: User specified timeout on IO operation expired
INFO:root:Trouble in subscribeCxToPv_update with K500:M5_V:load-I: User specified timeout on IO operation expired
INFO:root:Trouble in subscribeCxToPv_update with K500:M5_I:DCCT2-I: User specified timeout on IO operation expired
INFO:root:Trouble in setCxToPv_update with K500:M5_Pwr:On-Cmd: User specified timeout on IO operation expired
INFO:root:Trouble in setCxToPv_update with K500:M5_Pwr:On-Cmd: User specified timeout on IO operation expired
INFO:root:Trouble in setCxToPv_update with K500:M5_Pwr:On-Cmd: User specified timeout on IO operation expired
INFO:root:Trouble in subscribeCxToPv_update with K500:M5_V:Polarity-I: User specified timeout on IO operation expired
INFO:root:Trouble in subscribeCxToPv_update with K500:M5_I:DCCT2-I: User specified timeout on IO operation expired
INFO:root:Trouble in subscribeCxToPv_update with K500:M5_I-I: User specified timeout on IO operation expired
INFO:root:Trouble in setCxToPv_update with K500:M5_Pwr:On-Cmd: User specified timeout on IO operation expired
INFO:root:Trouble in setCxToPv_update with K500:M5_Pwr:On-Cmd: User specified timeout on IO operation expired
INFO:root:Trouble in setCxToPv_update with K500:M5_Pwr:On-Cmd: User specified timeout on IO operation expired
INFO:root:Trouble in subscribeCxToPv_update with K500:M5_I:DAC-I: User specified timeout on IO operation expired
INFO:root:Trouble in subscribeCxToPv_update with K500:M5_I-I: User specified timeout on IO operation expired
INFO:root:Trouble in subscribeCxToPv_update with K500:M5_I-I: User specified timeout on IO operation expired
INFO:root:Trouble in setCxToPv_update with K500:M5_Pwr:On-Cmd: User specified timeout on IO operation expired
INFO:root:Trouble in setCxToPv_update with K500:M5_Pwr:On-Cmd: User specified timeout on IO operation expired
INFO:root:Trouble in setCxToPv_update with K500:M5_Pwr:On-Cmd: User specified timeout on IO operation expired
INFO:root:Trouble in subscribeCxToPv_update with K500:M5_V:Polarity-I: User specified timeout on IO operation expired
INFO:root:Trouble in subscribeCxToPv_update with K500:M5_V:load-I: User specified timeout on IO operation expired
INFO:root:Trouble in subscribeCxToPv_update with K500:M5_I:DCCT2-I: User specified timeout on IO operation expired
INFO:root:Trouble in subscribeCxToPv_update with K500:M5_I-I: User specified timeout on IO operation expired
INFO:root:Trouble in setCxToPv_update with K500:KXL25:PSon-Cmd: User specified timeout on IO operation expired
INFO:root:Trouble in subscribeCxToPv_update with K500:M5_V:load-I: User specified timeout on IO operation expired
INFO:root:Trouble in subscribeCxToPv_update with K500:M5_I:DAC-I: User specified timeout on IO operation expired
INFO:root:Trouble in subscribeCxToPv_update with K500:M5_I:DCCT2-I: User specified timeout on IO operation expired
INFO:root:Trouble in subscribeCxToPv_update with K500:M5_I-I: User specified timeout on IO operation expired
INFO:root:Trouble in setCxToPv_update with K500:M5_Pwr:On-Cmd: User specified timeout on IO operation expired
INFO:root:Trouble in setCxToPv_update with K500:M5_Pwr:On-Cmd: User specified timeout on IO operation expired
INFO:root:Trouble in subscribeCxToPv_update with K500:M5_V:load-I: User specified timeout on IO operation expired
INFO:root:Start
INFO:root:Trouble in subscribeCxToPv_update with K500:M5_I:DAC-I: User specified timeout on IO operation expired
INFO:root:Trouble in subscribeCxToPv_update with K500:M5_I-I: User specified timeout on IO operation expired
INFO:root:Trouble in setCxToPv_update with K500:M5_Pwr:On-Cmd: User specified timeout on IO operation expired
INFO:root:Trouble in subscribeCxToPv_update with K500:M5_V:Polarity-I: User specified timeout on IO operation expired
INFO:root:Trouble in subscribeCxToPv_update with K500:L26_V:Bank-I: User specified timeout on IO operation expired
INFO:root:Trouble in subscribeCxToPv_update with K500:M5_I-I: User specified timeout on IO operation expired
INFO:root:Trouble in setCxToPv_update with K500:M5_Pwr:On-Cmd: User specified timeout on IO operation expired
INFO:root:Trouble in setCxToPv_update with K500:M5_Pwr:On-Cmd: User specified timeout on IO operation expired
INFO:root:Trouble in setCxToPv_update with K500:M5_Pwr:On-Cmd: User specified timeout on IO operation expired
INFO:root:Trouble in subscribeCxToPv_update with K500:M5_V:Polarity-I: User specified timeout on IO operation expired
INFO:root:Trouble in subscribeCxToPv_update with K500:M5_V:load-I: User specified timeout on IO operation expired
INFO:root:Trouble in subscribeCxToPv_update with K500:M5_I:DCCT2-I: User specified timeout on IO operation expired
INFO:root:Trouble in subscribeCxToPv_update with K500:M5_I-I: User specified timeout on IO operation expired
INFO:root:Trouble in setCxToPv_update with K500:M5_Pwr:On-Cmd: User specified timeout on IO operation expired
INFO:root:Trouble in setCxToPv_update with K500:M5_Pwr:On-Cmd: User specified timeout on IO operation expired
INFO:root:Start
INFO:root:Trouble in subscribeCxToPv_update with K500:M5_I-SP: User specified timeout on IO operation expired
INFO:root:Trouble in setCxToPv_update with K500:M5_Pwr:On-Cmd: User specified timeout on IO operation expired
INFO:root:Trouble in setCxToPv_update with K500:M5_Pwr:On-Cmd: User specified timeout on IO operation expired
INFO:root:Trouble in setCxToPv_update with K500:M5_Pwr:On-Cmd: User specified timeout on IO operation expired
INFO:root:Trouble in subscribeCxToPv_update with K500:M5_V:Polarity-I: User specified timeout on IO operation expired
INFO:root:Trouble in subscribeCxToPv_update with K500:M5_I:DAC-I: User specified timeout on IO operation expired
INFO:root:Trouble in subscribeCxToPv_update with K500:M5_I:DCCT2-I: User specified timeout on IO operation expired
INFO:root:Trouble in subscribeCxToPv_update with K500:M5_I-I: User specified timeout on IO operation expired
INFO:root:Trouble in setCxToPv_update with K500:M5_Pwr:On-Cmd: User specified timeout on IO operation expired
INFO:root:Trouble in setCxToPv_update with K500:M5_Pwr:On-Cmd: User specified timeout on IO operation expired
INFO:root:Trouble in setCxToPv_update with K500:M5_Pwr:On-Cmd: User specified timeout on IO operation expired
INFO:root:Trouble in subscribeCxToPv_update with K500:M5_V:Polarity-I: User specified timeout on IO operation expired
INFO:root:Trouble in subscribeCxToPv_update with K500:M5_V:load-I: User specified timeout on IO operation expired
INFO:root:Trouble in subscribeCxToPv_update with K500:M5_I-I: User specified timeout on IO operation expired
INFO:root:Trouble in setCxToPv_update with K500:KZ15:PSon-Cmd: User specified timeout on IO operation expired
INFO:root:Trouble in setCxToPv_update with K500:M5_Pwr:On-Cmd: User specified timeout on IO operation expired
INFO:root:Trouble in subscribeCxToPv_update with K500:M5_V:load-I: User specified timeout on IO operation expired
INFO:root:Trouble in subscribeCxToPv_update with K500:M5_I:DAC-I: User specified timeout on IO operation expired
INFO:root:Trouble in subscribeCxToPv_update with K500:M5_I:DCCT2-I: User specified timeout on IO operation expired
INFO:root:Trouble in setCxToPv_update with K500:M5_Pwr:On-Cmd: User specified timeout on IO operation expired
INFO:root:Trouble in setCxToPv_update with K500:M5_Pwr:On-Cmd: User specified timeout on IO operation expired
INFO:root:Trouble in setCxToPv_update with K500:M5_Pwr:On-Cmd: User specified timeout on IO operation expired
INFO:root:Start
INFO:root:Trouble in subscribeCxToPv_update with K500:M5_I-SP: User specified timeout on IO operation expired
INFO:root:Trouble in subscribeCxToPv_update with K500:M5_I-I: User specified timeout on IO operation expired
INFO:root:Start
INFO:root:Trouble in subscribeCxToPv_update with K500:M5_I-SP: User specified timeout on IO operation expired
INFO:root:Trouble in subscribeCxToPv_update with K500:M5_V:load-I: User specified timeout on IO operation expired
INFO:root:Trouble in subscribeCxToPv_update with K500:M5_I:DCCT2-I: User specified timeout on IO operation expired
INFO:root:Trouble in subscribeCxToPv_update with K500:M5_I-I: User specified timeout on IO operation expired
INFO:root:Trouble in subscribeCxToPv_update with K500:M5_I-I: User specified timeout on IO operation expired
INFO:root:Trouble in setCxToPv_update with K500:M5_Pwr:On-Cmd: User specified timeout on IO operation expired
INFO:root:Trouble in setCxToPv_update with K500:M5_Pwr:On-Cmd: User specified timeout on IO operation expired
INFO:root:Trouble in setCxToPv_update with K500:M5_Pwr:On-Cmd: User specified timeout on IO operation expired
INFO:root:Trouble in subscribeCxToPv_update with K500:M5_V:load-I: User specified timeout on IO operation expired
INFO:root:Trouble in subscribeCxToPv_update with K500:M5_I:DAC-I: User specified timeout on IO operation expired
INFO:root:Trouble in subscribeCxToPv_update with K500:M5_I:DCCT2-I: User specified timeout on IO operation expired
INFO:root:Trouble in subscribeCxToPv_update with K500:M5_I-I: User specified timeout on IO operation expired
INFO:root:Trouble in setCxToPv_update with K500:M5_Pwr:On-Cmd: User specified timeout on IO operation expired
INFO:root:Trouble in subscribeCxToPv_update with K500:M5_V:Polarity-I: User specified timeout on IO operation expired
INFO:root:Trouble in subscribeCxToPv_update with K500:M5_I:DCCT2-I: User specified timeout on IO operation expired
INFO:root:Trouble in subscribeCxToPv_update with K500:M5_I-I: User specified timeout on IO operation expired
INFO:root:Trouble in subscribeCxToPv_update with K500:M5_I-I: User specified timeout on IO operation expired
INFO:root:Trouble in setCxToPv_update with K500:M5_Pwr:On-Cmd: User specified timeout on IO operation expired
INFO:root:Trouble in subscribeCxToPv_update with K500:M5_V:Polarity-I: User specified timeout on IO operation expired
INFO:root:Trouble in subscribeCxToPv_update with K500:M5_V:load-I: User specified timeout on IO operation expired
INFO:root:Trouble in subscribeCxToPv_update with K500:KX16_I-I: User specified timeout on IO operation expired
INFO:root:Trouble in setCxToPv_update with K500:M5_Pwr:On-Cmd: User specified timeout on IO operation expired
INFO:root:Trouble in subscribeCxToPv_update with K500:M5_V:load-I: User specified timeout on IO operation expired
INFO:root:Trouble in subscribeCxToPv_update with K500:M5_I:DCCT2-I: User specified timeout on IO operation expired
INFO:root:Trouble in subscribeCxToPv_update with K500:M5_I-I: User specified timeout on IO operation expired
INFO:root:Trouble in subscribeCxToPv_update with K500:M5_I-I: User specified timeout on IO operation expired
INFO:root:Trouble in setCxToPv_update with K500:M5_Pwr:On-Cmd: User specified timeout on IO operation expired
INFO:root:Trouble in setCxToPv_update with K500:M5_Pwr:On-Cmd: User specified timeout on IO operation expired
INFO:root:Trouble in subscribeCxToPv_update with K500:M5_V:load-I: User specified timeout on IO operation expired
INFO:root:Trouble in subscribeCxToPv_update with K500:M5_I:DCCT2-I: User specified timeout on IO operation expired
INFO:root:Trouble in subscribeCxToPv_update with K500:M5_I-I: User specified timeout on IO operation expired
INFO:root:Trouble in subscribeCxToPv_update with K500:M5_I-I: User specified timeout on IO operation expired
INFO:root:Trouble in setCxToPv_update with K500:M5_Pwr:On-Cmd: User specified timeout on IO operation expired
INFO:root:Trouble in subscribeCxToPv_update with K500:M5_V:Polarity-I: User specified timeout on IO operation expired
INFO:root:Trouble in subscribeCxToPv_update with K500:M5_V:load-I: User specified timeout on IO operation expired
INFO:root:Trouble in subscribeCxToPv_update with K500:M5_I:DCCT2-I: User specified timeout on IO operation expired
INFO:root:Trouble in subscribeCxToPv_update with K500:M5_I-I: User specified timeout on IO operation expired
INFO:root:Trouble in setCxToPv_update with K500:M5_Pwr:On-Cmd: User specified timeout on IO operation expired
INFO:root:Trouble in setCxToPv_update with K500:M5_Pwr:On-Cmd: User specified timeout on IO operation expired
INFO:root:Trouble in setCxToPv_update with K500:M5_Pwr:On-Cmd: User specified timeout on IO operation expired
INFO:root:Trouble in setCxToPv_update with K500:M5_Pwr:On-Cmd: User specified timeout on IO operation expired
INFO:root:Trouble in subscribeCxToPv_update with K500:M5_V:load-I: User specified timeout on IO operation expired
INFO:root:Trouble in subscribeCxToPv_update with K500:M5_I:DAC-I: User specified timeout on IO operation expired
INFO:root:Trouble in setCxToPv_update with K500:M5_Pwr:On-Cmd: User specified timeout on IO operation expired
INFO:root:Trouble in setCxToPv_update with K500:M5_Pwr:On-Cmd: User specified timeout on IO operation expired
INFO:root:Trouble in setCxToPv_update with K500:M5_Pwr:On-Cmd: User specified timeout on IO operation expired
INFO:root:Trouble in subscribeCxToPv_update with K500:M5_V:Polarity-I: User specified timeout on IO operation expired
INFO:root:Trouble in subscribeCxToPv_update with K500:M5_V:load-I: User specified timeout on IO operation expired
INFO:root:Trouble in subscribeCxToPv_update with K500:M5_I:DAC-I: User specified timeout on IO operation expired
INFO:root:Trouble in setCxToPv_update with K500:M5_Pwr:On-Cmd: User specified timeout on IO operation expired
INFO:root:Trouble in setCxToPv_update with K500:M5_Pwr:On-Cmd: User specified timeout on IO operation expired
INFO:root:Trouble in setCxToPv_update with K500:M5_Pwr:On-Cmd: User specified timeout on IO operation expired
INFO:root:Trouble in subscribeCxToPv_update with K500:M5_V:Polarity-I: User specified timeout on IO operation expired
INFO:root:Trouble in setCxToPv_update with K500:L26_Trig:DlyStartVSDC-SP: User specified timeout on IO operation expired
INFO:root:Trouble in subscribeCxToPv_update with K500:M5_I-I: User specified timeout on IO operation expired
INFO:root:Trouble in setCxToPv_update with K500:M5_Pwr:On-Cmd: User specified timeout on IO operation expired
INFO:root:Trouble in setCxToPv_update with K500:M5_Pwr:On-Cmd: User specified timeout on IO operation expired
INFO:root:Trouble in setCxToPv_update with K500:M5_Pwr:On-Cmd: User specified timeout on IO operation expired
INFO:root:Trouble in subscribeCxToPv_update with K500:M5_V:Polarity-I: User specified timeout on IO operation expired
INFO:root:Trouble in subscribeCxToPv_update with K500:M5_I:DCCT2-I: User specified timeout on IO operation expired
INFO:root:Trouble in subscribeCxToPv_update with K500:M5_I-I: User specified timeout on IO operation expired
INFO:root:Trouble in setCxToPv_update with K500:M5_Pwr:On-Cmd: User specified timeout on IO operation expired
INFO:root:Trouble in setCxToPv_update with K500:M5_Pwr:On-Cmd: User specified timeout on IO operation expired
INFO:root:Trouble in setCxToPv_update with K500:M5_Pwr:On-Cmd: User specified timeout on IO operation expired
INFO:root:Trouble in subscribeCxToPv_update with K500:M5_I:DAC-I: User specified timeout on IO operation expired
INFO:root:Trouble in subscribeCxToPv_update with K500:M5_I-I: User specified timeout on IO operation expired
INFO:root:Trouble in setCxToPv_update with K500:M5_Pwr:On-Cmd: User specified timeout on IO operation expired
INFO:root:Trouble in setCxToPv_update with K500:M5_Pwr:On-Cmd: User specified timeout on IO operation expired
INFO:root:Trouble in setCxToPv_update with K500:M5_Pwr:On-Cmd: User specified timeout on IO operation expired
INFO:root:Trouble in subscribeCxToPv_update with K500:M5_I:DAC-I: User specified timeout on IO operation expired
INFO:root:Trouble in subscribeCxToPv_update with K500:M5_I-I: User specified timeout on IO operation expired
INFO:root:Trouble in subscribeCxToPv_update with K500:M5_I-I: User specified timeout on IO operation expired
INFO:root:Trouble in setCxToPv_update with K500:M5_Pwr:On-Cmd: User specified timeout on IO operation expired
INFO:root:Trouble in setCxToPv_update with K500:M5_Pwr:On-Cmd: User specified timeout on IO operation expired
INFO:root:Trouble in setCxToPv_update with K500:M5_Pwr:On-Cmd: User specified timeout on IO operation expired
INFO:root:Trouble in subscribeCxToPv_update with K500:M5_I:DAC-I: User specified timeout on IO operation expired
INFO:root:Trouble in subscribeCxToPv_update with K500:M5_I:DCCT2-I: User specified timeout on IO operation expired
INFO:root:Trouble in subscribeCxToPv_update with K500:M5_I-I: User specified timeout on IO operation expired
INFO:root:Trouble in setCxToPv_update with K500:M5_Pwr:On-Cmd: User specified timeout on IO operation expired
INFO:root:Trouble in subscribeCxToPv_update with K500:M5_V:Polarity-I: User specified timeout on IO operation expired
INFO:root:Trouble in subscribeCxToPv_update with K500:M5_V:load-I: User specified timeout on IO operation expired
INFO:root:Trouble in subscribeCxToPv_update with K500:M5_I-I: User specified timeout on IO operation expired
INFO:root:Trouble in setCxToPv_update with K500:M5_Pwr:On-Cmd: User specified timeout on IO operation expired
INFO:root:Trouble in setCxToPv_update with K500:M5_Pwr:On-Cmd: User specified timeout on IO operation expired
INFO:root:Trouble in setCxToPv_update with K500:M5_Pwr:On-Cmd: User specified timeout on IO operation expired
INFO:root:Trouble in subscribeCxToPv_update with K500:M5_V:Polarity-I: User specified timeout on IO operation expired
INFO:root:Trouble in subscribeCxToPv_update with K500:M5_V:load-I: User specified timeout on IO operation expired
INFO:root:Trouble in subscribeCxToPv_update with K500:M5_I:DCCT2-I: User specified timeout on IO operation expired
INFO:root:Trouble in setCxToPv_update with K500:M5_Pwr:On-Cmd: User specified timeout on IO operation expired
INFO:root:Trouble in setCxToPv_update with K500:M5_Pwr:On-Cmd: User specified timeout on IO operation expired
INFO:root:Trouble in setCxToPv_update with K500:M5_Pwr:On-Cmd: User specified timeout on IO operation expired
INFO:root:Trouble in subscribeCxToPv_update with K500:M5_V:Polarity-I: User specified timeout on IO operation expired
INFO:root:Trouble in subscribeCxToPv_update with K500:M5_I:DCCT2-I: User specified timeout on IO operation expired
INFO:root:Trouble in subscribeCxToPv_update with K500:M5_I-I: User specified timeout on IO operation expired
INFO:root:Trouble in setCxToPv_update with K500:M5_Pwr:On-Cmd: User specified timeout on IO operation expired
INFO:root:Start
INFO:root:Start
INFO:root:Start
INFO:root:Trouble in subscribeCxToPv_update with K500:M5_I-SP: User specified timeout on IO operation expired
INFO:root:Trouble in setCxToPv_update with K500:M5_Pwr:On-Cmd: User specified timeout on IO operation expired
INFO:root:Trouble in subscribeCxToPv_update with K500:M5_V:Polarity-I: User specified timeout on IO operation expired
INFO:root:Trouble in subscribeCxToPv_update with K500:M5_V:load-I: User specified timeout on IO operation expired
INFO:root:Trouble in subscribeCxToPv_update with K500:M5_I:DAC-I: User specified timeout on IO operation expired
INFO:root:Trouble in subscribeCxToPv_update with K500:M5_I-I: User specified timeout on IO operation expired
INFO:root:Trouble in setCxToPv_update with K500:M5_Pwr:On-Cmd: User specified timeout on IO operation expired
INFO:root:Trouble in setCxToPv_update with K500:M5_Pwr:On-Cmd: User specified timeout on IO operation expired
INFO:root:Trouble in subscribeCxToPv_update with K500:M5_V:Polarity-I: User specified timeout on IO operation expired
INFO:root:Trouble in subscribeCxToPv_update with K500:M5_V:load-I: User specified timeout on IO operation expired
INFO:root:Trouble in subscribeCxToPv_update with K500:M5_I:DAC-I: User specified timeout on IO operation expired
INFO:root:Trouble in subscribeCxToPv_update with K500:M5_I-I: User specified timeout on IO operation expired
INFO:root:Trouble in subscribeCxToPv_update with K500:M5_I-I: User specified timeout on IO operation expired
INFO:root:Trouble in setCxToPv_update with K500:M5_Pwr:On-Cmd: User specified timeout on IO operation expired
INFO:root:Trouble in setCxToPv_update with K500:M5_Pwr:On-Cmd: User specified timeout on IO operation expired
INFO:root:Trouble in setCxToPv_update with K500:M5_Pwr:On-Cmd: User specified timeout on IO operation expired
INFO:root:Trouble in subscribeCxToPv_update with K500:M5_V:Polarity-I: User specified timeout on IO operation expired
INFO:root:Start
INFO:root:Trouble in subscribeCxToPv_update with K500:M5_I:DAC-I: User specified timeout on IO operation expired
INFO:root:Trouble in subscribeCxToPv_update with K500:M5_I:DCCT2-I: User specified timeout on IO operation expired
INFO:root:Trouble in setCxToPv_update with K500:M5_Pwr:On-Cmd: User specified timeout on IO operation expired
INFO:root:Trouble in setCxToPv_update with K500:M5_Pwr:On-Cmd: User specified timeout on IO operation expired
INFO:root:Trouble in setCxToPv_update with K500:M5_Pwr:On-Cmd: User specified timeout on IO operation expired
INFO:root:Trouble in subscribeCxToPv_update with K500:M5_V:Polarity-I: User specified timeout on IO operation expired
INFO:root:Trouble in subscribeCxToPv_update with K500:M5_I:DAC-I: User specified timeout on IO operation expired
INFO:root:Start
INFO:root:Trouble in subscribeCxToPv_update with K500:M5_I-SP: User specified timeout on IO operation expired
INFO:root:Trouble in subscribeCxToPv_update with K500:M5_I:DCCT2-I: User specified timeout on IO operation expired
INFO:root:Trouble in setCxToPv_update with K500:M5_Pwr:On-Cmd: User specified timeout on IO operation expired
INFO:root:Trouble in setCxToPv_update with K500:M5_Pwr:On-Cmd: User specified timeout on IO operation expired
INFO:root:Trouble in setCxToPv_update with K500:M5_Pwr:On-Cmd: User specified timeout on IO operation expired
INFO:root:Trouble in subscribeCxToPv_update with K500:M5_V:load-I: User specified timeout on IO operation expired
INFO:root:Start
INFO:root:Trouble in subscribeCxToPv_update with K500:M5_I:DAC-I: User specified timeout on IO operation expired
INFO:root:Trouble in subscribeCxToPv_update with K500:M5_I:DCCT2-I: User specified timeout on IO operation expired
INFO:root:Trouble in setCxToPv_update with K500:M5_Pwr:On-Cmd: User specified timeout on IO operation expired
INFO:root:Trouble in setCxToPv_update with K500:M5_Pwr:On-Cmd: User specified timeout on IO operation expired
INFO:root:Trouble in subscribeCxToPv_update with K500:M5_V:load-I: User specified timeout on IO operation expired
INFO:root:Trouble in subscribeCxToPv_update with K500:M5_I:DCCT2-I: User specified timeout on IO operation expired
INFO:root:Trouble in setCxToPv_update with K500:M5_Pwr:On-Cmd: User specified timeout on IO operation expired
INFO:root:Trouble in setCxToPv_update with K500:M5_Pwr:On-Cmd: User specified timeout on IO operation expired
INFO:root:Trouble in setCxToPv_update with K500:M5_Pwr:On-Cmd: User specified timeout on IO operation expired
INFO:root:Trouble in subscribeCxToPv_update with K500:M5_V:Polarity-I: User specified timeout on IO operation expired
INFO:root:Trouble in subscribeCxToPv_update with K500:M5_V:load-I: User specified timeout on IO operation expired
INFO:root:Trouble in subscribeCxToPv_update with K500:M5_I:DCCT2-I: User specified timeout on IO operation expired
INFO:root:Trouble in subscribeCxToPv_update with K500:M5_I-I: User specified timeout on IO operation expired
INFO:root:Trouble in setCxToPv_update with K500:M5_Pwr:On-Cmd: User specified timeout on IO operation expired
INFO:root:Trouble in setCxToPv_update with K500:M5_Pwr:On-Cmd: User specified timeout on IO operation expired
INFO:root:Trouble in subscribeCxToPv_update with K500:M5_V:Polarity-I: User specified timeout on IO operation expired
INFO:root:Trouble in subscribeCxToPv_update with K500:M5_V:load-I: User specified timeout on IO operation expired
INFO:root:Trouble in subscribeCxToPv_update with K500:M5_I:DCCT2-I: User specified timeout on IO operation expired
INFO:root:Trouble in subscribeCxToPv_update with K500:M5_I-I: User specified timeout on IO operation expired
INFO:root:Trouble in subscribeCxToPv_update with K500:M5_I-I: User specified timeout on IO operation expired
INFO:root:Trouble in setCxToPv_update with K500:M5_Pwr:On-Cmd: User specified timeout on IO operation expired
INFO:root:Trouble in setCxToPv_update with K500:M5_Pwr:On-Cmd: User specified timeout on IO operation expired
INFO:root:Trouble in setCxToPv_update with K500:L27:PSon-Cmd: User specified timeout on IO operation expired
INFO:root:Start
INFO:root:Start
INFO:root:Trouble in subscribeCxToPv_update with K500:M5_I:DCCT2-I: User specified timeout on IO operation expired
INFO:root:Start
INFO:root:Trouble in setCxToPv_update with K500:M5_Pwr:On-Cmd: User specified timeout on IO operation expired
INFO:root:Trouble in setCxToPv_update with K500:M5_Pwr:On-Cmd: User specified timeout on IO operation expired
INFO:root:Trouble in setCxToPv_update with K500:M5_Pwr:On-Cmd: User specified timeout on IO operation expired
INFO:root:Trouble in subscribeCxToPv_update with K500:M5_V:Polarity-I: User specified timeout on IO operation expired
INFO:root:Trouble in subscribeCxToPv_update with K500:M5_V:load-I: User specified timeout on IO operation expired
INFO:root:Trouble in subscribeCxToPv_update with K500:M5_I:DCCT2-I: User specified timeout on IO operation expired
INFO:root:Trouble in setCxToPv_update with K500:M5_Pwr:On-Cmd: User specified timeout on IO operation expired
INFO:root:Trouble in setCxToPv_update with K500:M5_Pwr:On-Cmd: User specified timeout on IO operation expired
INFO:root:Trouble in setCxToPv_update with K500:M5_Pwr:On-Cmd: User specified timeout on IO operation expired
INFO:root:Trouble in subscribeCxToPv_update with K500:M5_I:DAC-I: User specified timeout on IO operation expired
INFO:root:Trouble in subscribeCxToPv_update with K500:M5_I:DCCT2-I: User specified timeout on IO operation expired
INFO:root:Trouble in subscribeCxToPv_update with K500:M5_I-I: User specified timeout on IO operation expired
INFO:root:Trouble in setCxToPv_update with K500:M5_Pwr:On-Cmd: User specified timeout on IO operation expired
INFO:root:Trouble in setCxToPv_update with K500:M5_Pwr:On-Cmd: User specified timeout on IO operation expired
INFO:root:Trouble in setCxToPv_update with K500:M5_Pwr:On-Cmd: User specified timeout on IO operation expired
INFO:root:Trouble in subscribeCxToPv_update with K500:M5_V:Polarity-I: User specified timeout on IO operation expired
INFO:root:Trouble in subscribeCxToPv_update with K500:M5_I:DAC-I: User specified timeout on IO operation expired
INFO:root:Trouble in subscribeCxToPv_update with K500:M5_I:DCCT2-I: User specified timeout on IO operation expired
INFO:root:Trouble in subscribeCxToPv_update with K500:M5_I-I: User specified timeout on IO operation expired
INFO:root:Trouble in setCxToPv_update with K500:M5_Pwr:On-Cmd: User specified timeout on IO operation expired
INFO:root:Trouble in setCxToPv_update with K500:M5_Pwr:On-Cmd: User specified timeout on IO operation expired
INFO:root:Trouble in setCxToPv_update with K500:M5_Pwr:On-Cmd: User specified timeout on IO operation expired
INFO:root:Trouble in subscribeCxToPv_update with K500:M5_I:DAC-I: User specified timeout on IO operation expired
INFO:root:Trouble in subscribeCxToPv_update with K500:M5_I-I: User specified timeout on IO operation expired
INFO:root:Trouble in setCxToPv_update with K500:M5_Pwr:On-Cmd: User specified timeout on IO operation expired
INFO:root:Trouble in setCxToPv_update with K500:M5_Pwr:On-Cmd: User specified timeout on IO operation expired
INFO:root:Trouble in subscribeCxToPv_update with K500:M5_V:load-I: User specified timeout on IO operation expired
INFO:root:Trouble in subscribeCxToPv_update with K500:M5_I:DCCT2-I: User specified timeout on IO operation expired
INFO:root:Trouble in subscribeCxToPv_update with K500:M5_I-I: User specified timeout on IO operation expired
INFO:root:Trouble in subscribeCxToPv_update with K500:M5_I-I: User specified timeout on IO operation expired
INFO:root:Trouble in setCxToPv_update with K500:M5_Pwr:On-Cmd: User specified timeout on IO operation expired
INFO:root:Trouble in setCxToPv_update with K500:M5_Pwr:On-Cmd: User specified timeout on IO operation expired
INFO:root:Trouble in setCxToPv_update with K500:M5_Pwr:On-Cmd: User specified timeout on IO operation expired
INFO:root:Trouble in subscribeCxToPv_update with K500:M5_V:Polarity-I: User specified timeout on IO operation expired
INFO:root:Trouble in subscribeCxToPv_update with K500:M5_I-I: User specified timeout on IO operation expired
INFO:root:Trouble in setCxToPv_update with K500:M5_Pwr:On-Cmd: User specified timeout on IO operation expired
INFO:root:Trouble in setCxToPv_update with K500:M5_Pwr:On-Cmd: User specified timeout on IO operation expired
INFO:root:Trouble in setCxToPv_update with K500:M5_Pwr:On-Cmd: User specified timeout on IO operation expired
INFO:root:Trouble in setCxToPv_update with K500:M5_Pwr:On-Cmd: User specified timeout on IO operation expired
INFO:root:Trouble in subscribeCxToPv_update with K500:M5_V:Polarity-I: User specified timeout on IO operation expired
INFO:root:Trouble in subscribeCxToPv_update with K500:M5_I-I: User specified timeout on IO operation expired
INFO:root:Trouble in setCxToPv_update with K500:M5_Pwr:On-Cmd: User specified timeout on IO operation expired
INFO:root:Trouble in setCxToPv_update with K500:M5_Pwr:On-Cmd: User specified timeout on IO operation expired
INFO:root:Trouble in subscribeCxToPv_update with K500:M5_I:DAC-I: User specified timeout on IO operation expired
INFO:root:Trouble in subscribeCxToPv_update with K500:M5_I:DCCT2-I: User specified timeout on IO operation expired
INFO:root:Trouble in subscribeCxToPv_update with K500:M5_I-I: User specified timeout on IO operation expired
INFO:root:Trouble in setCxToPv_update with K500:M5_Pwr:On-Cmd: User specified timeout on IO operation expired
INFO:root:Trouble in setCxToPv_update with K500:M5_Pwr:On-Cmd: User specified timeout on IO operation expired
INFO:root:Trouble in subscribeCxToPv_update with K500:M5_V:Polarity-I: User specified timeout on IO operation expired
INFO:root:Trouble in subscribeCxToPv_update with K500:M5_I:DAC-I: User specified timeout on IO operation expired
INFO:root:Trouble in subscribeCxToPv_update with K500:M5_I:DCCT2-I: User specified timeout on IO operation expired
INFO:root:Trouble in subscribeCxToPv_update with K500:M5_I-I: User specified timeout on IO operation expired
INFO:root:Trouble in setCxToPv_update with K500:M5_Pwr:On-Cmd: User specified timeout on IO operation expired
INFO:root:Trouble in setCxToPv_update with K500:M5_Pwr:On-Cmd: User specified timeout on IO operation expired
INFO:root:Trouble in setCxToPv_update with K500:M5_Pwr:On-Cmd: User specified timeout on IO operation expired
INFO:root:Trouble in subscribeCxToPv_update with K500:M5_I:DAC-I: User specified timeout on IO operation expired
INFO:root:Trouble in subscribeCxToPv_update with K500:M5_I:DCCT2-I: User specified timeout on IO operation expired
INFO:root:Trouble in subscribeCxToPv_update with K500:M5_I-I: User specified timeout on IO operation expired
INFO:root:Trouble in setCxToPv_update with K500:M5_Pwr:On-Cmd: User specified timeout on IO operation expired
INFO:root:Trouble in setCxToPv_update with K500:M5_Pwr:On-Cmd: User specified timeout on IO operation expired
INFO:root:Trouble in setCxToPv_update with K500:M5_Pwr:On-Cmd: User specified timeout on IO operation expired
INFO:root:Start
INFO:root:Trouble in subscribeCxToPv_update with K500:M5_I:DAC-I: User specified timeout on IO operation expired
INFO:root:Trouble in subscribeCxToPv_update with K500:M5_I:DCCT2-I: User specified timeout on IO operation expired
INFO:root:Trouble in setCxToPv_update with K500:M5_Pwr:On-Cmd: User specified timeout on IO operation expired
INFO:root:Trouble in setCxToPv_update with K500:M5_Pwr:On-Cmd: User specified timeout on IO operation expired
INFO:root:Trouble in setCxToPv_update with K500:M5_Pwr:On-Cmd: User specified timeout on IO operation expired
INFO:root:Trouble in subscribeCxToPv_update with K500:M5_V:Polarity-I: User specified timeout on IO operation expired
INFO:root:Trouble in subscribeCxToPv_update with K500:M5_I:DAC-I: User specified timeout on IO operation expired
INFO:root:Trouble in subscribeCxToPv_update with K500:M5_I:DCCT2-I: User specified timeout on IO operation expired
INFO:root:Trouble in subscribeCxToPv_update with K500:M5_I-I: User specified timeout on IO operation expired
INFO:root:Trouble in setCxToPv_update with K500:M5_Pwr:On-Cmd: User specified timeout on IO operation expired
INFO:root:Trouble in setCxToPv_update with K500:M5_Pwr:On-Cmd: User specified timeout on IO operation expired
INFO:root:Trouble in subscribeCxToPv_update with K500:M5_V:load-I: User specified timeout on IO operation expired
INFO:root:Trouble in subscribeCxToPv_update with K500:M5_I:DAC-I: User specified timeout on IO operation expired
INFO:root:Trouble in subscribeCxToPv_update with K500:M5_I:DCCT2-I: User specified timeout on IO operation expired
INFO:root:Trouble in subscribeCxToPv_update with K500:M5_I-I: User specified timeout on IO operation expired
INFO:root:Trouble in setCxToPv_update with K500:M5_Pwr:On-Cmd: User specified timeout on IO operation expired
INFO:root:Trouble in setCxToPv_update with K500:M5_Pwr:On-Cmd: User specified timeout on IO operation expired
INFO:root:Trouble in subscribeCxToPv_update with K500:M5_V:Polarity-I: User specified timeout on IO operation expired
INFO:root:Trouble in subscribeCxToPv_update with K500:M5_I:DAC-I: User specified timeout on IO operation expired
INFO:root:Trouble in subscribeCxToPv_update with K500:M5_I:DCCT2-I: User specified timeout on IO operation expired
INFO:root:Trouble in subscribeCxToPv_update with K500:M5_I-I: User specified timeout on IO operation expired
INFO:root:Trouble in setCxToPv_update with K500:M5_Pwr:On-Cmd: User specified timeout on IO operation expired
INFO:root:Trouble in setCxToPv_update with K500:M5_Pwr:On-Cmd: User specified timeout on IO operation expired
INFO:root:Trouble in setCxToPv_update with K500:M5_Pwr:On-Cmd: User specified timeout on IO operation expired
INFO:root:Trouble in subscribeCxToPv_update with K500:M5_V:Polarity-I: User specified timeout on IO operation expired
INFO:root:Trouble in subscribeCxToPv_update with K500:M5_I:DCCT2-I: User specified timeout on IO operation expired
INFO:root:Trouble in subscribeCxToPv_update with K500:M5_I-I: User specified timeout on IO operation expired
INFO:root:Trouble in setCxToPv_update with K500:M5_Pwr:On-Cmd: User specified timeout on IO operation expired
INFO:root:Trouble in setCxToPv_update with K500:M5_Pwr:On-Cmd: User specified timeout on IO operation expired
INFO:root:Trouble in subscribe_cx_to_pv_update with K500:L21_I-I: Virtual circuit disconnect
INFO:root:Start
INFO:root:Start
INFO:root:Trouble in subscribe_cx_to_pv_update with K500:M5_I-SP: User specified timeout on IO operation expired
